==2101418== NVPROF is profiling process 2101418, command: ./saxpyc_acc-nodata
SAXPY Time: 2.847922
==2101418== Profiling application: ./saxpyc_acc-nodata
==2101418== Profiling result:
            Type  Time(%)      Time     Calls       Avg       Min       Max  Name
 GPU activities:   57.14%  728.35ms       288  2.5290ms  937.49us  2.5471ms  [CUDA memcpy DtoH]
                   40.19%  512.29ms       192  2.6682ms  987.12us  2.6951ms  [CUDA memcpy HtoD]
                    1.53%  19.494ms         1  19.494ms  19.494ms  19.494ms  main_22_gpu
                    1.14%  14.551ms         1  14.551ms  14.551ms  14.551ms  main_16_gpu
      API calls:   75.40%  741.39ms       764  970.41us     760ns  2.5633ms  cuEventSynchronize
                   16.88%  166.00ms         1  166.00ms  166.00ms  166.00ms  cuDevicePrimaryCtxRetain
                    4.28%  42.061ms         5  8.4122ms  2.5346ms  19.493ms  cuStreamSynchronize
                    2.45%  24.111ms         1  24.111ms  24.111ms  24.111ms  cuMemHostAlloc
                    0.25%  2.4855ms         3  828.51us  132.53us  1.1847ms  cuMemAlloc
                    0.25%  2.4818ms       288  8.6170us  6.3130us  17.491us  cuMemcpyDtoHAsync
                    0.19%  1.8666ms       192  9.7210us  8.0830us  14.653us  cuMemcpyHtoDAsync
                    0.19%  1.8482ms       766  2.4120us  1.4400us  16.788us  cuEventRecord
                    0.09%  848.88us         1  848.88us  848.88us  848.88us  cuMemAllocHost
                    0.01%  123.05us         1  123.05us  123.05us  123.05us  cuModuleLoadDataEx
                    0.01%  50.377us         2  25.188us  24.511us  25.866us  cuLaunchKernel
                    0.00%  10.547us         1  10.547us  10.547us  10.547us  cuStreamCreate
                    0.00%  7.1680us         4  1.7920us     421ns  3.7330us  cuEventCreate
                    0.00%  2.8170us         1  2.8170us  2.8170us  2.8170us  cuDeviceGetPCIBusId
                    0.00%  2.3130us         2  1.1560us     752ns  1.5610us  cuPointerGetAttributes
                    0.00%  1.3680us         3     456ns     275ns     595ns  cuCtxSetCurrent
                    0.00%  1.1260us         3     375ns     172ns     780ns  cuDeviceGetCount
                    0.00%  1.0470us         2     523ns     200ns     847ns  cuModuleGetFunction
                    0.00%     941ns         5     188ns     136ns     301ns  cuDeviceGetAttribute
                    0.00%     633ns         2     316ns     139ns     494ns  cuDeviceGet
                    0.00%     269ns         1     269ns     269ns     269ns  cuDeviceComputeCapability
                    0.00%     252ns         1     252ns     252ns     252ns  cuCtxGetCurrent
                    0.00%     172ns         1     172ns     172ns     172ns  cuDriverGetVersion
 OpenACC (excl):   57.14%  1.43071s         1  1.43071s  1.43071s  1.43071s  acc_exit_data@saxpy_acc-nodata.c:16
                   21.05%  527.19ms         1  527.19ms  527.19ms  527.19ms  acc_enter_data@saxpy_acc-nodata.c:22
                   19.49%  487.98ms         1  487.98ms  487.98ms  487.98ms  acc_exit_data@saxpy_acc-nodata.c:22
                    0.90%  22.442ms         2  11.221ms  2.9480ms  19.494ms  acc_wait@saxpy_acc-nodata.c:22
                    0.58%  14.554ms         1  14.554ms  14.554ms  14.554ms  acc_wait@saxpy_acc-nodata.c:16
                    0.28%  7.1043ms         1  7.1043ms  7.1043ms  7.1043ms  acc_wait@saxpy_acc-nodata.c:19
                    0.21%  5.3082ms         1  5.3082ms  5.3082ms  5.3082ms  acc_wait@saxpy_acc-nodata.c:24
                    0.11%  2.6567ms       192  13.837us  11.163us  30.248us  acc_enqueue_download@saxpy_acc-nodata.c:19
                    0.10%  2.4026ms         1  2.4026ms  2.4026ms  2.4026ms  acc_enter_data@saxpy_acc-nodata.c:16
                    0.10%  2.3956ms       192  12.477us  10.547us  18.796us  acc_enqueue_upload@saxpy_acc-nodata.c:22
                    0.04%  1.1170ms        96  11.635us  9.4800us  25.389us  acc_enqueue_download@saxpy_acc-nodata.c:24
                    0.01%  144.59us         1  144.59us  144.59us  144.59us  acc_device_init@saxpy_acc-nodata.c:16
                    0.00%  33.830us         1  33.830us  33.830us  33.830us  acc_enqueue_launch@saxpy_acc-nodata.c:16 (main_16_gpu)
                    0.00%  30.577us         1  30.577us  30.577us  30.577us  acc_enqueue_launch@saxpy_acc-nodata.c:22 (main_22_gpu)
                    0.00%  8.6740us         1  8.6740us  8.6740us  8.6740us  acc_compute_construct@saxpy_acc-nodata.c:16
                    0.00%  3.7780us         1  3.7780us  3.7780us  3.7780us  acc_compute_construct@saxpy_acc-nodata.c:22
                    0.00%       0ns         2       0ns       0ns       0ns  acc_delete@saxpy_acc-nodata.c:19
                    0.00%       0ns         2       0ns       0ns       0ns  acc_alloc@saxpy_acc-nodata.c:16
                    0.00%       0ns         2       0ns       0ns       0ns  acc_create@saxpy_acc-nodata.c:16
                    0.00%       0ns         2       0ns       0ns       0ns  acc_delete@saxpy_acc-nodata.c:24
                    0.00%       0ns         2       0ns       0ns       0ns  acc_create@saxpy_acc-nodata.c:22
